<?xml version="1.0" encoding="utf-8"?><testsuites name="pytest tests"><testsuite name="pytest" errors="0" failures="0" skipped="0" tests="33" time="22.490" timestamp="2026-09-03T15:11:21.518582+03:00" hostname="Emmys-MacBook-Air.local"><testcase classname="tests.test_rag_questions" name="test_rag_returns_results[\u0647\u0644 \u0639\u062f\u062f \u0627\u0644\u0633\u0627\u0639\u0627\u062a \u0627\u0644\u0644\u064a \u0627\u062e\u062a\u0631\u062a\u0647\u0627 \u0645\u0633\u0645\u0648\u062d \u0644\u064a\u0627\u061f]" time="1.744" /><testcase classname="tests.test_rag_questions" name="test_rag_returns_results[\u0647\u0644 \u0623\u0642\u062f\u0631 \u0623\u0632\u0648\u062f \u0645\u0627\u062f\u0629 \u0643\u0645\u0627\u0646\u061f]" time="0.692" /><testcase classname="tests.test_rag_questions" name="test_rag_returns_results[\u0644\u0648 \u0639\u0627\u064a\u0632 \u0623\u0633\u062c\u0644 18 \u0633\u0627\u0639\u0629\u060c \u0647\u0644 \u0645\u0633\u0645\u0648\u062d \u0644\u064a\u0627\u061f]" time="0.587" /><testcase classname="tests.test_rag_questions" name="test_rag_returns_results[\u0647\u0644 \u0623\u0642\u062f\u0631 \u0623\u0633\u062c\u0644 \u0623\u0643\u062a\u0631 \u0645\u0646 \u0627\u0644\u062d\u062f \u0627\u0644\u0623\u0642\u0635\u0649\u061f]" time="0.599" /><testcase classname="tests.test_rag_questions" name="test_rag_returns_results[\u0625\u064a\u0647 \u0634\u0631\u0648\u0637 \u062a\u0633\u062c\u064a\u0644 \u0639\u062f\u062f \u0633\u0627\u0639\u0627\u062a \u0623\u0643\u0628\u0631\u061f]" time="0.571" /><testcase classname="tests.test_rag_questions" name="test_rag_returns_results[\u0639\u0634\u0627\u0646 \u0627\u0633\u062c\u0644 \u0645\u0648\u0627\u062f \u0627\u0643\u062a\u0631 \u0645\u0646 \u0627\u0644\u062d\u062f \u0627\u0644\u0645\u0633\u0645\u0648\u062d \u0644\u064a\u0627 \u0627\u0639\u0645\u0644 \u0623\u064a\u061f]" time="0.594" /><testcase classname="tests.test_rag_questions" name="test_rag_returns_results[\u0628\u0646\u0627\u0621\u064b \u0639\u0644\u0649 \u0627\u0644\u0640 GPA \u0628\u062a\u0627\u0639\u064a\u060c \u0623\u0642\u062f\u0631 \u0623\u0633\u062c\u0644 \u0643\u0627\u0645 \u0633\u0627\u0639\u0629\u061f]" time="0.594" /><testcase classname="tests.test_rag_questions" name="test_rag_returns_results[\u0647\u0644 \u0627\u0644\u0640 GPA \u0628\u062a\u0627\u0639\u064a \u064a\u0633\u0645\u062d\u0644\u064a \u0623\u0633\u062c\u0644 18 \u0633\u0627\u0639\u0629\u061f]" time="0.614" /><testcase classname="tests.test_rag_questions" name="test_rag_returns_results[\u0647\u0644 \u0623\u0646\u0627 Academic Warning\u061f]" time="0.633" /><testcase classname="tests.test_rag_questions" name="test_rag_returns_results[\u0647\u0644 \u062d\u0627\u0644\u062a\u064a \u0627\u0644\u0623\u0643\u0627\u062f\u064a\u0645\u064a\u0629 \u0628\u062a\u0623\u062b\u0631 \u0639\u0644\u0649 \u0627\u0644\u062a\u0633\u062c\u064a\u0644\u061f]" time="0.612" /><testcase classname="tests.test_rag_questions" name="test_rag_returns_results[\u0625\u064a\u0647 \u0627\u0644\u062d\u062f \u0627\u0644\u0623\u0642\u0635\u0649 \u0644\u0644\u0633\u0627\u0639\u0627\u062a \u062d\u0633\u0628 \u0627\u0644\u0640 GPA \u0628\u062a\u0627\u0639\u064a\u061f]" time="0.614" /><testcase classname="tests.test_rag_questions" name="test_rag_returns_results[\u0644\u0648 \u062c\u0628\u062a GPA \u0623\u0639\u0644\u0649 \u0627\u0644\u062a\u0631\u0645 \u062f\u0647\u060c \u0623\u0642\u062f\u0631 \u0623\u0633\u062c\u0644 \u0633\u0627\u0639\u0627\u062a \u0623\u0643\u062a\u0631 \u0627\u0644\u062a\u0631\u0645 \u0627\u0644\u062c\u0627\u064a\u061f]" time="0.685" /><testcase classname="tests.test_rag_questions" name="test_rag_returns_results[\u0644\u0648 \u0627\u0644\u0640 GPA \u0628\u062a\u0627\u0639\u064a X\u060c \u0625\u064a\u0647 \u0627\u0644\u0640 registration load \u0627\u0644\u0645\u0633\u0645\u0648\u062d\u061f]" time="0.643" /><testcase classname="tests.test_rag_questions" name="test_rag_returns_results[\u0647\u0644 \u0645\u0627\u062f\u0629 X \u0644\u064a\u0647\u0627 prerequisite\u061f]" time="0.618" /><testcase classname="tests.test_rag_questions" name="test_rag_returns_results[\u0625\u064a\u0647 \u0627\u0644\u0640 prerequisites \u0628\u062a\u0627\u0639\u0629 X\u061f]" time="0.558" /><testcase classname="tests.test_rag_questions" name="test_rag_returns_results[\u0647\u0644 \u0623\u0646\u0627 \u062e\u0644\u0635\u062a \u0643\u0644 prerequisites \u0628\u062a\u0627\u0639\u0629 X\u061f]" time="0.663" /><testcase classname="tests.test_rag_questions" name="test_rag_returns_results[\u0625\u064a\u0647 prerequisite \u0627\u0644\u0644\u064a \u0646\u0627\u0642\u0635\u0646\u064a\u061f]" time="0.673" /><testcase classname="tests.test_rag_questions" name="test_rag_returns_results[\u0647\u0644 \u0623\u0642\u062f\u0631 \u0623\u062e\u062f prerequisite \u0648 \u0627\u0644\u0645\u0627\u062f\u0629 \u0646\u0641\u0633\u0647\u0627 \u0645\u0639 \u0628\u0639\u0636\u061f]" time="0.569" /><testcase classname="tests.test_rag_questions" name="test_rag_returns_results[\u0647\u0644 X prerequisite \u0644\u0640 Y\u061f]" time="0.705" /><testcase classname="tests.test_rag_questions" name="test_rag_returns_results[\u0625\u064a\u0647 \u0627\u0644\u0645\u0648\u0627\u062f \u0627\u0644\u0644\u064a \u062a\u0639\u062a\u0645\u062f \u0639\u0644\u0649 X\u061f]" time="0.642" /><testcase classname="tests.test_rag_questions" name="test_rag_returns_results[\u0644\u0648 \u0645\u0627\u062e\u062f\u062a\u0634 X \u062f\u0644\u0648\u0642\u062a\u064a\u060c \u0625\u064a\u0647 \u0627\u0644\u0645\u0648\u0627\u062f \u0627\u0644\u0644\u064a \u0647\u062a\u062a\u0623\u062e\u0631\u061f]" time="0.648" /><testcase classname="tests.test_rag_questions" name="test_rag_returns_results[\u0625\u064a\u0647 \u0627\u0644\u0645\u0627\u062f\u0629 \u0627\u0644\u0644\u064a \u0644\u0627\u0632\u0645 \u0623\u062e\u062f\u0647\u0627 \u0627\u0644\u0623\u0648\u0644 \u0639\u0634\u0627\u0646 \u0623\u0641\u062a\u062d Y\u061f]" time="1.038" /><testcase classname="tests.test_rag_questions" name="test_rag_returns_results[\u0625\u064a\u0647 \u0627\u0644\u0645\u0648\u0627\u062f \u0627\u0644\u0627\u062e\u062a\u064a\u0627\u0631\u064a\u0629 \u0627\u0644\u0645\u062a\u0627\u062d\u0629 \u0644\u064a\u0627\u061f]" time="0.549" /><testcase classname="tests.test_rag_questions" name="test_rag_returns_results[\u0625\u064a\u0647 \u0627\u0644\u0640 electives \u0627\u0644\u0644\u064a \u0623\u0642\u062f\u0631 \u0623\u0633\u062c\u0644\u0647\u0627 \u0627\u0644\u062a\u0631\u0645 \u062f\u0647\u061f]" time="0.572" /><testcase classname="tests.test_rag_questions" name="test_rag_returns_results[\u0623\u0646\u0627 \u0645\u062d\u062a\u0627\u062c \u0643\u0627\u0645 \u0633\u0627\u0639\u0629 Electives\u061f]" time="0.571" /><testcase classname="tests.test_rag_questions" name="test_rag_returns_results[\u0625\u064a\u0647 \u0627\u0644\u0640 Electives \u0627\u0644\u0644\u064a \u0644\u0633\u0647 \u0645\u0627\u062e\u062f\u062a\u0647\u0627\u0634\u061f]" time="0.789" /><testcase classname="tests.test_rag_questions" name="test_rag_returns_results[\u0647\u0644 \u0645\u0627\u062f\u0629 X \u062a\u062a\u062d\u0633\u0628 \u0643\u0640 Elective\u061f]" time="0.577" /><testcase classname="tests.test_rag_questions" name="test_rag_returns_results[\u0625\u064a\u0647 \u0643\u0644 \u0627\u0644\u0640 Electives \u0627\u0644\u0645\u062a\u0627\u062d\u0629 \u0641\u064a \u0627\u0644\u0640\u062a\u0631\u0645 \u062f\u0627\u061f]" time="0.465" /><testcase classname="tests.test_rag_questions" name="test_rag_returns_results[\u0627\u0644\u0645\u0627\u062f\u0629 X \u0633\u0639\u0631\u0647\u0627 \u0643\u0627\u0645\u061f]" time="0.639" /><testcase classname="tests.test_rag_questions" name="test_rag_returns_results[\u0627\u0644\u0645\u0627\u062f\u0629 X \u0643\u0627\u0645 Credit Hours\u061f]" time="1.212" /><testcase classname="tests.test_rag_questions" name="test_rag_returns_results[\u0633\u0639\u0631 \u0627\u0644\u0640 Credit Hour \u0643\u0627\u0645\u061f]" time="0.579" /><testcase classname="tests.test_rag_questions" name="test_rag_returns_results[\u0644\u0648 \u0633\u062c\u0644\u062a \u0627\u0644\u0645\u0648\u0627\u062f \u062f\u064a\u060c \u0647\u062f\u0641\u0639 \u0643\u0627\u0645\u061f]" time="0.479" /><testcase classname="tests.test_rag_questions" name="test_rag_returns_results[\u0647\u0644 \u0633\u0639\u0631 \u0627\u0644\u0645\u0627\u062f\u0629 \u0628\u064a\u062e\u062a\u0644\u0641 \u062d\u0633\u0628 \u0639\u062f\u062f \u0627\u0644\u0633\u0627\u0639\u0627\u062a\u061f]" time="0.631" /></testsuite></testsuites>